<?xml version="1.0" encoding="UTF-8"?>
<testsuite name="com.battleground.springboot.web.PostsApiControllerTest" tests="1" skipped="0" failures="0" errors="0" timestamp="2022-02-08T06:11:54" hostname="DESKTOP-BCD0PQ6" time="0.839">
  <properties/>
  <testcase name="BaseTimeEntity_등록" classname="com.battleground.springboot.web.PostsApiControllerTest" time="0.839"/>
  <system-out><![CDATA[15:11:42.793 [Test worker] DEBUG org.springframework.test.context.junit4.SpringJUnit4ClassRunner - SpringJUnit4ClassRunner constructor called with [class com.battleground.springboot.web.PostsApiControllerTest]
15:11:42.805 [Test worker] DEBUG org.springframework.test.context.BootstrapUtils - Instantiating CacheAwareContextLoaderDelegate from class [org.springframework.test.context.cache.DefaultCacheAwareContextLoaderDelegate]
15:11:42.824 [Test worker] DEBUG org.springframework.test.context.BootstrapUtils - Instantiating BootstrapContext using constructor [public org.springframework.test.context.support.DefaultBootstrapContext(java.lang.Class,org.springframework.test.context.CacheAwareContextLoaderDelegate)]
15:11:42.852 [Test worker] DEBUG org.springframework.test.context.BootstrapUtils - Instantiating TestContextBootstrapper for test class [com.battleground.springboot.web.PostsApiControllerTest] from class [org.springframework.boot.test.context.SpringBootTestContextBootstrapper]
15:11:42.881 [Test worker] INFO org.springframework.boot.test.context.SpringBootTestContextBootstrapper - Neither @ContextConfiguration nor @ContextHierarchy found for test class [com.battleground.springboot.web.PostsApiControllerTest], using SpringBootContextLoader
15:11:42.888 [Test worker] DEBUG org.springframework.test.context.support.AbstractContextLoader - Did not detect default resource location for test class [com.battleground.springboot.web.PostsApiControllerTest]: class path resource [com/battleground/springboot/web/PostsApiControllerTest-context.xml] does not exist
15:11:42.889 [Test worker] DEBUG org.springframework.test.context.support.AbstractContextLoader - Did not detect default resource location for test class [com.battleground.springboot.web.PostsApiControllerTest]: class path resource [com/battleground/springboot/web/PostsApiControllerTestContext.groovy] does not exist
15:11:42.889 [Test worker] INFO org.springframework.test.context.support.AbstractContextLoader - Could not detect default resource locations for test class [com.battleground.springboot.web.PostsApiControllerTest]: no resource found for suffixes {-context.xml, Context.groovy}.
15:11:42.892 [Test worker] INFO org.springframework.test.context.support.AnnotationConfigContextLoaderUtils - Could not detect default configuration classes for test class [com.battleground.springboot.web.PostsApiControllerTest]: PostsApiControllerTest does not declare any static, non-private, non-final, nested classes annotated with @Configuration.
15:11:42.978 [Test worker] DEBUG org.springframework.test.context.support.ActiveProfilesUtils - Could not find an 'annotation declaring class' for annotation type [org.springframework.test.context.ActiveProfiles] and class [com.battleground.springboot.web.PostsApiControllerTest]
15:11:43.169 [Test worker] DEBUG org.springframework.context.annotation.ClassPathScanningCandidateComponentProvider - Identified candidate component class: file [C:\Users\LJS\IdeaProjects\Battleground-webservice\build\classes\java\main\com\battleground\springboot\Application.class]
15:11:43.171 [Test worker] INFO org.springframework.boot.test.context.SpringBootTestContextBootstrapper - Found @SpringBootConfiguration com.battleground.springboot.Application for test class com.battleground.springboot.web.PostsApiControllerTest
15:11:43.393 [Test worker] DEBUG org.springframework.boot.test.context.SpringBootTestContextBootstrapper - @TestExecutionListeners is not present for class [com.battleground.springboot.web.PostsApiControllerTest]: using defaults.
15:11:43.394 [Test worker] INFO org.springframework.boot.test.context.SpringBootTestContextBootstrapper - Loaded default TestExecutionListener class names from location [META-INF/spring.factories]: [org.springframework.boot.test.autoconfigure.restdocs.RestDocsTestExecutionListener, org.springframework.boot.test.autoconfigure.web.client.MockRestServiceServerResetTestExecutionListener, org.springframework.boot.test.autoconfigure.web.servlet.MockMvcPrintOnlyOnFailureTestExecutionListener, org.springframework.boot.test.autoconfigure.web.servlet.WebDriverTestExecutionListener, org.springframework.boot.test.mock.mockito.MockitoTestExecutionListener, org.springframework.boot.test.mock.mockito.ResetMocksTestExecutionListener, org.springframework.test.context.web.ServletTestExecutionListener, org.springframework.test.context.support.DirtiesContextBeforeModesTestExecutionListener, org.springframework.test.context.support.DependencyInjectionTestExecutionListener, org.springframework.test.context.support.DirtiesContextTestExecutionListener, org.springframework.test.context.transaction.TransactionalTestExecutionListener, org.springframework.test.context.jdbc.SqlScriptsTestExecutionListener]
15:11:43.438 [Test worker] INFO org.springframework.boot.test.context.SpringBootTestContextBootstrapper - Using TestExecutionListeners: [org.springframework.test.context.web.ServletTestExecutionListener@23601ca7, org.springframework.test.context.support.DirtiesContextBeforeModesTestExecutionListener@75a6707c, org.springframework.boot.test.mock.mockito.MockitoTestExecutionListener@5642da8c, org.springframework.boot.test.autoconfigure.SpringBootDependencyInjectionTestExecutionListener@30f256f5, org.springframework.test.context.support.DirtiesContextTestExecutionListener@1354f168, org.springframework.test.context.transaction.TransactionalTestExecutionListener@553746ee, org.springframework.test.context.jdbc.SqlScriptsTestExecutionListener@15e1607e, org.springframework.boot.test.autoconfigure.restdocs.RestDocsTestExecutionListener@3706d9c9, org.springframework.boot.test.autoconfigure.web.client.MockRestServiceServerResetTestExecutionListener@36da1f0, org.springframework.boot.test.autoconfigure.web.servlet.MockMvcPrintOnlyOnFailureTestExecutionListener@6c829745, org.springframework.boot.test.autoconfigure.web.servlet.WebDriverTestExecutionListener@727ef83b, org.springframework.boot.test.mock.mockito.ResetMocksTestExecutionListener@7337bf2c]
15:11:43.445 [Test worker] DEBUG org.springframework.test.annotation.ProfileValueUtils - Retrieved @ProfileValueSourceConfiguration [null] for test class [com.battleground.springboot.web.PostsApiControllerTest]
15:11:43.446 [Test worker] DEBUG org.springframework.test.annotation.ProfileValueUtils - Retrieved ProfileValueSource type [class org.springframework.test.annotation.SystemProfileValueSource] for class [com.battleground.springboot.web.PostsApiControllerTest]
15:11:43.453 [Test worker] DEBUG org.springframework.test.annotation.ProfileValueUtils - Retrieved @ProfileValueSourceConfiguration [null] for test class [com.battleground.springboot.web.PostsApiControllerTest]
15:11:43.453 [Test worker] DEBUG org.springframework.test.annotation.ProfileValueUtils - Retrieved ProfileValueSource type [class org.springframework.test.annotation.SystemProfileValueSource] for class [com.battleground.springboot.web.PostsApiControllerTest]
15:11:43.454 [Test worker] DEBUG org.springframework.test.annotation.ProfileValueUtils - Retrieved @ProfileValueSourceConfiguration [null] for test class [com.battleground.springboot.web.PostsApiControllerTest]
15:11:43.454 [Test worker] DEBUG org.springframework.test.annotation.ProfileValueUtils - Retrieved ProfileValueSource type [class org.springframework.test.annotation.SystemProfileValueSource] for class [com.battleground.springboot.web.PostsApiControllerTest]
15:11:43.464 [Test worker] DEBUG org.springframework.test.context.support.AbstractDirtiesContextTestExecutionListener - Before test class: context [DefaultTestContext@3381c4bc testClass = PostsApiControllerTest, testInstance = [null], testMethod = [null], testException = [null], mergedContextConfiguration = [WebMergedContextConfiguration@4665f7c3 testClass = PostsApiControllerTest, locations = '{}', classes = '{class com.battleground.springboot.Application}', contextInitializerClasses = '[]', activeProfiles = '{}', propertySourceLocations = '{}', propertySourceProperties = '{org.springframework.boot.test.context.SpringBootTestContextBootstrapper=true, server.port=0}', contextCustomizers = set[org.springframework.boot.test.autoconfigure.properties.PropertyMappingContextCustomizer@0, org.springframework.boot.test.autoconfigure.web.servlet.WebDriverContextCustomizerFactory$Customizer@26b2b8c6, org.springframework.boot.test.context.filter.ExcludeFilterContextCustomizer@5dcb1ace, org.springframework.boot.test.json.DuplicateJsonObjectContextCustomizerFactory$DuplicateJsonObjectContextCustomizer@6f846b64, org.springframework.boot.test.mock.mockito.MockitoContextCustomizer@0, org.springframework.boot.test.web.client.TestRestTemplateContextCustomizer@39b7db37], resourceBasePath = 'src/main/webapp', contextLoader = 'org.springframework.boot.test.context.SpringBootContextLoader', parent = [null]], attributes = map['org.springframework.test.context.web.ServletTestExecutionListener.activateListener' -> false]], class annotated with @DirtiesContext [false] with mode [null].
15:11:43.465 [Test worker] DEBUG org.springframework.test.annotation.ProfileValueUtils - Retrieved @ProfileValueSourceConfiguration [null] for test class [com.battleground.springboot.web.PostsApiControllerTest]
15:11:43.465 [Test worker] DEBUG org.springframework.test.annotation.ProfileValueUtils - Retrieved ProfileValueSource type [class org.springframework.test.annotation.SystemProfileValueSource] for class [com.battleground.springboot.web.PostsApiControllerTest]
15:11:43.473 [Test worker] DEBUG org.springframework.test.context.support.DependencyInjectionTestExecutionListener - Performing dependency injection for test context [[DefaultTestContext@3381c4bc testClass = PostsApiControllerTest, testInstance = com.battleground.springboot.web.PostsApiControllerTest@19f2288d, testMethod = [null], testException = [null], mergedContextConfiguration = [WebMergedContextConfiguration@4665f7c3 testClass = PostsApiControllerTest, locations = '{}', classes = '{class com.battleground.springboot.Application}', contextInitializerClasses = '[]', activeProfiles = '{}', propertySourceLocations = '{}', propertySourceProperties = '{org.springframework.boot.test.context.SpringBootTestContextBootstrapper=true, server.port=0}', contextCustomizers = set[org.springframework.boot.test.autoconfigure.properties.PropertyMappingContextCustomizer@0, org.springframework.boot.test.autoconfigure.web.servlet.WebDriverContextCustomizerFactory$Customizer@26b2b8c6, org.springframework.boot.test.context.filter.ExcludeFilterContextCustomizer@5dcb1ace, org.springframework.boot.test.json.DuplicateJsonObjectContextCustomizerFactory$DuplicateJsonObjectContextCustomizer@6f846b64, org.springframework.boot.test.mock.mockito.MockitoContextCustomizer@0, org.springframework.boot.test.web.client.TestRestTemplateContextCustomizer@39b7db37], resourceBasePath = 'src/main/webapp', contextLoader = 'org.springframework.boot.test.context.SpringBootContextLoader', parent = [null]], attributes = map['org.springframework.test.context.web.ServletTestExecutionListener.activateListener' -> false]]].
15:11:43.519 [Test worker] DEBUG org.springframework.test.context.support.TestPropertySourceUtils - Adding inlined properties to environment: {spring.jmx.enabled=false, org.springframework.boot.test.context.SpringBootTestContextBootstrapper=true, server.port=0}

  .   ____          _            __ _ _
 /\\ / ___'_ __ _ _(_)_ __  __ _ \ \ \ \
( ( )\___ | '_ | '_| | '_ \/ _` | \ \ \ \
 \\/  ___)| |_)| | | | | || (_| |  ) ) ) )
  '  |____| .__|_| |_|_| |_\__, | / / / /
 =========|_|==============|___/=/_/_/_/
 :: Spring Boot ::        (v2.1.7.RELEASE)

2022-02-08 15:11:44.052  INFO 36476 --- [    Test worker] c.b.s.web.PostsApiControllerTest         : Starting PostsApiControllerTest on DESKTOP-BCD0PQ6 with PID 36476 (started by LJS in C:\Users\LJS\IdeaProjects\Battleground-webservice)
2022-02-08 15:11:44.054  INFO 36476 --- [    Test worker] c.b.s.web.PostsApiControllerTest         : No active profile set, falling back to default profiles: default
2022-02-08 15:11:45.493  INFO 36476 --- [    Test worker] .s.d.r.c.RepositoryConfigurationDelegate : Bootstrapping Spring Data repositories in DEFAULT mode.
2022-02-08 15:11:45.641  INFO 36476 --- [    Test worker] .s.d.r.c.RepositoryConfigurationDelegate : Finished Spring Data repository scanning in 132ms. Found 1 repository interfaces.
2022-02-08 15:11:46.345  INFO 36476 --- [    Test worker] trationDelegate$BeanPostProcessorChecker : Bean 'org.springframework.transaction.annotation.ProxyTransactionManagementConfiguration' of type [org.springframework.transaction.annotation.ProxyTransactionManagementConfiguration$$EnhancerBySpringCGLIB$$50b2404d] is not eligible for getting processed by all BeanPostProcessors (for example: not eligible for auto-proxying)
2022-02-08 15:11:47.217  INFO 36476 --- [    Test worker] o.s.b.w.embedded.tomcat.TomcatWebServer  : Tomcat initialized with port(s): 0 (http)
2022-02-08 15:11:47.268  INFO 36476 --- [    Test worker] o.apache.catalina.core.StandardService   : Starting service [Tomcat]
2022-02-08 15:11:47.269  INFO 36476 --- [    Test worker] org.apache.catalina.core.StandardEngine  : Starting Servlet engine: [Apache Tomcat/9.0.22]
2022-02-08 15:11:47.541  INFO 36476 --- [    Test worker] o.a.c.c.C.[Tomcat].[localhost].[/]       : Initializing Spring embedded WebApplicationContext
2022-02-08 15:11:47.541  INFO 36476 --- [    Test worker] o.s.web.context.ContextLoader            : Root WebApplicationContext: initialization completed in 3437 ms
2022-02-08 15:11:48.109  INFO 36476 --- [    Test worker] com.zaxxer.hikari.HikariDataSource       : HikariPool-1 - Starting...
2022-02-08 15:11:48.573  INFO 36476 --- [    Test worker] com.zaxxer.hikari.HikariDataSource       : HikariPool-1 - Start completed.
2022-02-08 15:11:48.827  INFO 36476 --- [    Test worker] o.hibernate.jpa.internal.util.LogHelper  : HHH000204: Processing PersistenceUnitInfo [
	name: default
	...]
2022-02-08 15:11:49.107  INFO 36476 --- [    Test worker] org.hibernate.Version                    : HHH000412: Hibernate Core {5.3.10.Final}
2022-02-08 15:11:49.113  INFO 36476 --- [    Test worker] org.hibernate.cfg.Environment            : HHH000206: hibernate.properties not found
2022-02-08 15:11:49.592  INFO 36476 --- [    Test worker] o.hibernate.annotations.common.Version   : HCANN000001: Hibernate Commons Annotations {5.0.4.Final}
2022-02-08 15:11:49.996  INFO 36476 --- [    Test worker] org.hibernate.dialect.Dialect            : HHH000400: Using dialect: org.hibernate.dialect.MySQL5InnoDBDialect
Hibernate: drop table if exists posts
Hibernate: create table posts (id bigint not null auto_increment, created_date datetime, modified_date datetime, author varchar(255), content TEXT not null, title varchar(500) not null, primary key (id)) engine=InnoDB
2022-02-08 15:11:51.559  INFO 36476 --- [    Test worker] o.h.t.schema.internal.SchemaCreatorImpl  : HHH000476: Executing import script 'org.hibernate.tool.schema.internal.exec.ScriptSourceInputNonExistentImpl@ad158f9'
2022-02-08 15:11:51.566  INFO 36476 --- [    Test worker] j.LocalContainerEntityManagerFactoryBean : Initialized JPA EntityManagerFactory for persistence unit 'default'
2022-02-08 15:11:53.477  INFO 36476 --- [    Test worker] o.s.s.concurrent.ThreadPoolTaskExecutor  : Initializing ExecutorService 'applicationTaskExecutor'
2022-02-08 15:11:53.619  WARN 36476 --- [    Test worker] aWebConfiguration$JpaWebMvcConfiguration : spring.jpa.open-in-view is enabled by default. Therefore, database queries may be performed during view rendering. Explicitly configure spring.jpa.open-in-view to disable this warning
2022-02-08 15:11:54.536  INFO 36476 --- [    Test worker] o.s.b.w.embedded.tomcat.TomcatWebServer  : Tomcat started on port(s): 6625 (http) with context path ''
2022-02-08 15:11:54.540  INFO 36476 --- [    Test worker] c.b.s.web.PostsApiControllerTest         : Started PostsApiControllerTest in 11.019 seconds (JVM running for 13.385)
Hibernate: insert into posts (created_date, modified_date, author, content, title) values (?, ?, ?, ?, ?)
2022-02-08 15:11:55.022  INFO 36476 --- [    Test worker] o.h.h.i.QueryTranslatorFactoryInitiator  : HHH000397: Using ASTQueryTranslatorFactory
Hibernate: select posts0_.id as id1_0_, posts0_.created_date as created_2_0_, posts0_.modified_date as modified3_0_, posts0_.author as author4_0_, posts0_.content as content5_0_, posts0_.title as title6_0_ from posts posts0_
>>>>>>> createDate = 2022-02-08T15:11:54.848, modifiedDate = 2022-02-08T15:11:54.848
Hibernate: select posts0_.id as id1_0_, posts0_.created_date as created_2_0_, posts0_.modified_date as modified3_0_, posts0_.author as author4_0_, posts0_.content as content5_0_, posts0_.title as title6_0_ from posts posts0_
Hibernate: delete from posts where id=?
]]></system-out>
  <system-err><![CDATA[]]></system-err>
</testsuite>
